<?xml version="1.0" encoding="UTF-8"?>
<!-- Generated by org.testng.reporters.JUnitXMLReporter -->
<testsuite ignored="0" hostname="DESKTOP-44KT022" failures="1" tests="1" name="Test" time="20.23" errors="0" timestamp="2025-03-27T10:27:06 IST">
  <testcase classname="testCases.TC003_LoginDDT" name="verifytest_login" time="0.0">
    <failure type="org.testng.TestNGException" message="
Method public void testCases.TC003_LoginDDT.verifytest_login(java.lang.String,java.lang.String,java.lang.String) requires a @DataProvider named : loginData in class utilities.Dataproviderclass">
      <![CDATA[org.testng.TestNGException: 
Method public void testCases.TC003_LoginDDT.verifytest_login(java.lang.String,java.lang.String,java.lang.String) requires a @DataProvider named : loginData in class utilities.Dataproviderclass
at java.base/java.util.ArrayList.forEach(ArrayList.java:1597)
... Removed 24 stack frames]]>
    </failure>
  </testcase> <!-- verifytest_login -->
</testsuite> <!-- Test -->
